<?xml version="1.0" encoding="UTF-8"?>
<!-- Generated by org.testng.reporters.JUnitReportReporter -->
<testsuite skipped="0" hostname="MSI" name="com.jupiter.automation.testsuites.Test1" tests="1" failures="0" timestamp="2023-03-13T00:11:44 SGT" time="14.805" errors="0">
  <testcase name="Test1" time="14.805" classname="com.jupiter.automation.testsuites.Test1"/>
  <system-out/>
</testsuite> <!-- com.jupiter.automation.testsuites.Test1 -->
